[2026-01-08 12:29:57,878] 795  root - INFO - Running data_transformation as script.
[2026-01-08 12:29:57,878] 796  root - INFO - Train path: artifacts\train.csv
[2026-01-08 12:29:57,878] 797  root - INFO - Test path: artifacts\test.csv
[2026-01-08 12:29:57,879] 656  root - INFO - Starting data transformation pipeline.
[2026-01-08 12:29:57,910] 661  root - INFO - Loaded train shape: (8000, 15)
[2026-01-08 12:29:57,911] 662  root - INFO - Loaded test shape:  (2000, 15)
[2026-01-08 12:29:57,911] 480  root - INFO - [train] Standardizing column names.
[2026-01-08 12:29:57,913] 480  root - INFO - [test] Standardizing column names.
[2026-01-08 12:29:57,914] 673  root - INFO - Cleaning enabled.
[2026-01-08 12:29:57,915] 202  root - INFO - Missing-value strategy=keep: leaving NA for pipeline imputers.
[2026-01-08 12:29:57,916] 202  root - INFO - Missing-value strategy=keep: leaving NA for pipeline imputers.
[2026-01-08 12:29:57,925] 214  root - INFO - Dropped 0 duplicate rows.
[2026-01-08 12:29:57,929] 214  root - INFO - Dropped 0 duplicate rows.
[2026-01-08 12:29:57,929] 681  root - INFO - Feature engineering enabled.
[2026-01-08 12:29:57,929] 413  root - INFO - Target leakage disallowed; no target-derived features.
[2026-01-08 12:29:57,934] 444  root - INFO - Engineered 0 new features.
[2026-01-08 12:29:57,935] 413  root - INFO - Target leakage disallowed; no target-derived features.
[2026-01-08 12:29:57,938] 444  root - INFO - Engineered 0 new features.
[2026-01-08 12:29:57,942] 724  root - INFO - EDA enabled; saving artifacts.
[2026-01-08 12:29:57,943] 313  root - INFO - EDA started for train.
[2026-01-08 12:29:57,995] 318  root - INFO - Saved stats summary: artifacts\eda\train_stats_summary.csv
[2026-01-08 12:29:58,009] 329  root - INFO - Saved missingness report: artifacts\eda\train_missingness.csv
[2026-01-08 12:29:59,243] 353  root - INFO - Saved boxplot: artifacts\eda\train_outliers_boxplot.png
[2026-01-08 12:29:59,260] 359  root - INFO - Saved correlation CSV: artifacts\eda\train_correlation.csv
[2026-01-08 12:30:00,418] 378  root - INFO - Saved correlation heatmap: artifacts\eda\train_correlation_heatmap.png
[2026-01-08 12:30:00,418] 380  root - INFO - EDA completed for train.
[2026-01-08 12:30:00,418] 313  root - INFO - EDA started for test.
[2026-01-08 12:30:00,456] 318  root - INFO - Saved stats summary: artifacts\eda\test_stats_summary.csv
[2026-01-08 12:30:00,465] 329  root - INFO - Saved missingness report: artifacts\eda\test_missingness.csv
[2026-01-08 12:30:01,378] 353  root - INFO - Saved boxplot: artifacts\eda\test_outliers_boxplot.png
[2026-01-08 12:30:01,384] 359  root - INFO - Saved correlation CSV: artifacts\eda\test_correlation.csv
[2026-01-08 12:30:02,556] 378  root - INFO - Saved correlation heatmap: artifacts\eda\test_correlation_heatmap.png
[2026-01-08 12:30:02,559] 380  root - INFO - EDA completed for test.
[2026-01-08 12:30:02,603] 604  root - INFO - Saved VIF report: artifacts\vif_report.csv
[2026-01-08 12:30:02,636] 747  root - INFO - Numeric features (3): ['age', 'number_of_dependants', 'income_lakhs']
[2026-01-08 12:30:02,636] 748  root - INFO - Categorical features (10): ['gender', 'region', 'marital_status', 'physical_activity', 'stress_level', 'bmi_category', 'smoking_status', 'employment_status', 'medical_history', 'insurance_plan']
[2026-01-08 12:30:02,637] 749  root - INFO - Target: annual_premium_amount
[2026-01-08 12:30:02,637] 753  root - INFO - Fitting preprocessor on train.
[2026-01-08 12:30:02,769] 774  root - INFO - Saved preprocessor: artifacts\preprocessor.pkl
[2026-01-08 12:30:02,769] 775  root - INFO - Saved train: artifacts\train_transformed.npy
[2026-01-08 12:30:02,769] 776  root - INFO - Saved test: artifacts\test_transformed.npy
[2026-01-08 12:30:02,769] 777  root - INFO - Shapes: Train (8000, 40) | Test (2000, 40)
