[2026-01-08 10:59:00,486] 865  root - INFO - Running data_transformation as a script.
[2026-01-08 10:59:00,486] 866  root - INFO - Expected train path: artifacts\train.csv
[2026-01-08 10:59:00,487] 867  root - INFO - Expected test path:  artifacts\test.csv
[2026-01-08 10:59:00,488] 681  root - INFO - Starting data transformation pipeline.
[2026-01-08 10:59:00,515] 689  root - INFO - Loaded train shape: (8000, 15)
[2026-01-08 10:59:00,515] 690  root - INFO - Loaded test shape:  (2000, 15)
[2026-01-08 10:59:00,515] 487  root - INFO - [train] Standardizing column names.
[2026-01-08 10:59:00,517] 487  root - INFO - [test] Standardizing column names.
[2026-01-08 10:59:00,518] 705  root - INFO - Cleaning enabled.
[2026-01-08 10:59:00,518] 232  root - INFO - Missing-value strategy=keep: leaving NA for pipeline imputers.
[2026-01-08 10:59:00,518] 232  root - INFO - Missing-value strategy=keep: leaving NA for pipeline imputers.
[2026-01-08 10:59:00,524] 241  root - INFO - Dropped 0 duplicate rows.
[2026-01-08 10:59:00,527] 241  root - INFO - Dropped 0 duplicate rows.
[2026-01-08 10:59:00,527] 718  root - INFO - Feature engineering enabled.
[2026-01-08 10:59:00,536] 764  root - INFO - EDA enabled; saving diagnostic artifacts.
[2026-01-08 10:59:00,536] 320  root - INFO - EDA started for train.
[2026-01-08 10:59:00,564] 325  root - INFO - Saved stats summary: artifacts\eda\train_stats_summary.csv
[2026-01-08 10:59:00,576] 336  root - INFO - Saved missingness report: artifacts\eda\train_missingness.csv
[2026-01-08 10:59:01,628] 355  root - INFO - Saved boxplot: artifacts\eda\train_outliers_boxplot.png
[2026-01-08 10:59:01,637] 362  root - INFO - Saved correlation CSV: artifacts\eda\train_correlation.csv
[2026-01-08 10:59:01,637] 364  root - INFO - EDA completed for train.
[2026-01-08 10:59:01,637] 320  root - INFO - EDA started for test.
[2026-01-08 10:59:01,680] 325  root - INFO - Saved stats summary: artifacts\eda\test_stats_summary.csv
[2026-01-08 10:59:01,686] 336  root - INFO - Saved missingness report: artifacts\eda\test_missingness.csv
[2026-01-08 10:59:01,953] 355  root - INFO - Saved boxplot: artifacts\eda\test_outliers_boxplot.png
[2026-01-08 10:59:01,956] 362  root - INFO - Saved correlation CSV: artifacts\eda\test_correlation.csv
[2026-01-08 10:59:01,956] 364  root - INFO - EDA completed for test.
[2026-01-08 10:59:01,956] 772  root - INFO - VIF enabled; checking multicollinearity on numeric predictors.
[2026-01-08 10:59:01,967] 628  root - INFO - Saved VIF report: artifacts\vif_report.csv
[2026-01-08 10:59:01,979] 801  root - INFO - Selected numeric features (3): ['age', 'number_of_dependants', 'income_lakhs']
[2026-01-08 10:59:01,979] 802  root - INFO - Selected categorical features (10): ['gender', 'region', 'marital_status', 'physical_activity', 'stress_level', 'bmi_category', 'smoking_status', 'employment_status', 'medical_history', 'insurance_plan']
[2026-01-08 10:59:01,979] 803  root - INFO - Target column: annual_premium_amount
[2026-01-08 10:59:01,980] 813  root - INFO - Fitting preprocessor on training data only.
[2026-01-08 10:59:02,049] 843  root - INFO - Saved preprocessor: artifacts\preprocessor.pkl
[2026-01-08 10:59:02,049] 844  root - INFO - Saved transformed train: artifacts\train_transformed.npy
[2026-01-08 10:59:02,049] 845  root - INFO - Saved transformed test:  artifacts\test_transformed.npy
[2026-01-08 10:59:02,049] 846  root - INFO - Transformation done. Train arr: (8000, 40) | Test arr: (2000, 40)
